<?xml version="1.0" encoding="UTF-8"?>
<!-- Generated by org.testng.reporters.JUnitReportReporter -->
<testsuite skipped="0" hostname="User-PC" name="com.api.page.MySqlConnection2" tests="1" failures="0" timestamp="21 Aug 2019 06:32:02 GMT" time="2.328" errors="0">
  <testcase name="MySqlConection" time="2.328" classname="com.api.page.MySqlConnection2"/>
</testsuite> <!-- com.api.page.MySqlConnection2 -->
