<?xml version="1.0" encoding="UTF-8"?>
<!-- Generated by org.testng.reporters.JUnitReportReporter -->
<testsuite skipped="0" hostname="User-PC" name="com.api.common.Test_ResponseSpecBuilder" tests="1" failures="0" timestamp="08 Jul 2019 11:26:17 GMT" time="0.834" errors="0">
  <testcase name="setup" time="0.834" classname="com.api.common.Test_ResponseSpecBuilder"/>
</testsuite> <!-- com.api.common.Test_ResponseSpecBuilder -->
