<?xml version="1.0" encoding="UTF-8"?>
<!-- Generated by org.testng.reporters.JUnitReportReporter -->
<testsuite skipped="0" hostname="User-PC" name="com.api.page.kirantest" tests="1" failures="0" timestamp="23 Aug 2019 09:44:41 GMT" time="3.280" errors="0">
  <testcase name="root" time="3.280" classname="com.api.page.kirantest"/>
</testsuite> <!-- com.api.page.kirantest -->
