<?xml version="1.0" encoding="UTF-8"?>
<!-- Generated by org.testng.reporters.JUnitReportReporter -->
<testsuite skipped="0" hostname="User-PC" name="com.api.page.MysqlConnector" tests="1" failures="0" timestamp="04 Sep 2019 05:29:39 GMT" time="0.276" errors="0">
  <testcase name="mysqlSetup" time="0.276" classname="com.api.page.MysqlConnector"/>
</testsuite> <!-- com.api.page.MysqlConnector -->
